# JRE version: OpenJDK Runtime Environment (11.0.13) (build 11.0.13+0-b1751.21-8125866)
# Java VM: OpenJDK 64-Bit Server VM (11.0.13+0-b1751.21-8125866, mixed mode, tiered, compressed oops, g1 gc, windows-amd64)
Heap:
 garbage-first heap   total 251904K, used 125162K [0x0000000080000000, 0x0000000100000000)
  region size 1024K, 55 young (56320K), 15 survivors (15360K)
 Metaspace       used 88147K, capacity 90559K, committed 90792K, reserved 1128448K
  class space    used 11444K, capacity 12349K, committed 12396K, reserved 1048576K
GC Heap History (20 events):
Event: 3.163 GC heap before
{Heap before GC invocations=3 (full 0):
 garbage-first heap   total 251904K, used 71005K [0x0000000080000000, 0x0000000100000000)
  region size 1024K, 64 young (65536K), 12 survivors (12288K)
 Metaspace       used 25889K, capacity 26579K, committed 26876K, reserved 1073152K
  class space    used 3346K, capacity 3592K, committed 3660K, reserved 1048576K
}
Event: 3.171 GC heap after
{Heap after GC invocations=4 (full 0):
 garbage-first heap   total 251904K, used 19335K [0x0000000080000000, 0x0000000100000000)
  region size 1024K, 3 young (3072K), 3 survivors (3072K)
 Metaspace       used 25889K, capacity 26579K, committed 26876K, reserved 1073152K
  class space    used 3346K, capacity 3592K, committed 3660K, reserved 1048576K
}
Event: 4.044 GC heap before
{Heap before GC invocations=4 (full 0):
 garbage-first heap   total 251904K, used 87943K [0x0000000080000000, 0x0000000100000000)
  region size 1024K, 71 young (72704K), 3 survivors (3072K)
 Metaspace       used 35194K, capacity 35907K, committed 36048K, reserved 1081344K
  class space    used 4508K, capacity 4814K, committed 4896K, reserved 1048576K
}
Event: 4.052 GC heap after
{Heap after GC invocations=5 (full 0):
 garbage-first heap   total 251904K, used 22653K [0x0000000080000000, 0x0000000100000000)
  region size 1024K, 6 young (6144K), 6 survivors (6144K)
 Metaspace       used 35194K, capacity 35907K, committed 36048K, reserved 1081344K
  class space    used 4508K, capacity 4814K, committed 4896K, reserved 1048576K
}
Event: 5.613 GC heap before
{Heap before GC invocations=6 (full 0):
 garbage-first heap   total 251904K, used 164989K [0x0000000080000000, 0x0000000100000000)
  region size 1024K, 142 young (145408K), 6 survivors (6144K)
 Metaspace       used 46779K, capacity 47909K, committed 48080K, reserved 1091584K
  class space    used 5937K, capacity 6355K, committed 6432K, reserved 1048576K
}
Event: 5.622 GC heap after
{Heap after GC invocations=7 (full 0):
 garbage-first heap   total 251904K, used 30774K [0x0000000080000000, 0x0000000100000000)
  region size 1024K, 14 young (14336K), 14 survivors (14336K)
 Metaspace       used 46779K, capacity 47909K, committed 48080K, reserved 1091584K
  class space    used 5937K, capacity 6355K, committed 6432K, reserved 1048576K
}
Event: 11.170 GC heap before
{Heap before GC invocations=7 (full 0):
 garbage-first heap   total 251904K, used 175158K [0x0000000080000000, 0x0000000100000000)
  region size 1024K, 147 young (150528K), 14 survivors (14336K)
 Metaspace       used 54580K, capacity 56105K, committed 56272K, reserved 1097728K
  class space    used 6899K, capacity 7442K, committed 7456K, reserved 1048576K
}
Event: 11.181 GC heap after
{Heap after GC invocations=8 (full 0):
 garbage-first heap   total 251904K, used 50222K [0x0000000080000000, 0x0000000100000000)
  region size 1024K, 19 young (19456K), 19 survivors (19456K)
 Metaspace       used 54580K, capacity 56105K, committed 56272K, reserved 1097728K
  class space    used 6899K, capacity 7442K, committed 7456K, reserved 1048576K
}
Event: 11.733 GC heap before
{Heap before GC invocations=8 (full 0):
 garbage-first heap   total 251904K, used 79918K [0x0000000080000000, 0x0000000100000000)
  region size 1024K, 49 young (50176K), 19 survivors (19456K)
 Metaspace       used 59032K, capacity 60482K, committed 60508K, reserved 1101824K
  class space    used 7432K, capacity 7961K, committed 7968K, reserved 1048576K
}
Event: 11.755 GC heap after
{Heap after GC invocations=9 (full 0):
 garbage-first heap   total 251904K, used 52964K [0x0000000080000000, 0x0000000100000000)
  region size 1024K, 3 young (3072K), 3 survivors (3072K)
 Metaspace       used 59032K, capacity 60482K, committed 60508K, reserved 1101824K
  class space    used 7432K, capacity 7961K, committed 7968K, reserved 1048576K
}
Event: 13.161 GC heap before
{Heap before GC invocations=10 (full 0):
 garbage-first heap   total 251904K, used 157412K [0x0000000080000000, 0x0000000100000000)
  region size 1024K, 97 young (99328K), 3 survivors (3072K)
 Metaspace       used 67003K, capacity 68633K, committed 68904K, reserved 1110016K
  class space    used 8463K, capacity 9063K, committed 9196K, reserved 1048576K
}
Event: 13.166 GC heap after
{Heap after GC invocations=11 (full 0):
 garbage-first heap   total 251904K, used 58168K [0x0000000080000000, 0x0000000100000000)
  region size 1024K, 8 young (8192K), 8 survivors (8192K)
 Metaspace       used 67003K, capacity 68633K, committed 68904K, reserved 1110016K
  class space    used 8463K, capacity 9063K, committed 9196K, reserved 1048576K
}
Event: 14.525 GC heap before
{Heap before GC invocations=11 (full 0):
 garbage-first heap   total 251904K, used 158520K [0x0000000080000000, 0x0000000100000000)
  region size 1024K, 106 young (108544K), 8 survivors (8192K)
 Metaspace       used 73052K, capacity 74726K, committed 74920K, reserved 1114112K
  class space    used 9383K, capacity 9978K, committed 10092K, reserved 1048576K
}
Event: 14.532 GC heap after
{Heap after GC invocations=12 (full 0):
 garbage-first heap   total 251904K, used 64761K [0x0000000080000000, 0x0000000100000000)
  region size 1024K, 14 young (14336K), 14 survivors (14336K)
 Metaspace       used 73052K, capacity 74726K, committed 74920K, reserved 1114112K
  class space    used 9383K, capacity 9978K, committed 10092K, reserved 1048576K
}
Event: 16.505 GC heap before
{Heap before GC invocations=12 (full 0):
 garbage-first heap   total 251904K, used 166137K [0x0000000080000000, 0x0000000100000000)
  region size 1024K, 113 young (115712K), 14 survivors (14336K)
 Metaspace       used 82325K, capacity 84184K, committed 84392K, reserved 1122304K
  class space    used 10646K, capacity 11321K, committed 11372K, reserved 1048576K
}
Event: 16.518 GC heap after
{Heap after GC invocations=13 (full 0):
 garbage-first heap   total 251904K, used 71261K [0x0000000080000000, 0x0000000100000000)
  region size 1024K, 13 young (13312K), 13 survivors (13312K)
 Metaspace       used 82325K, capacity 84184K, committed 84392K, reserved 1122304K
  class space    used 10646K, capacity 11321K, committed 11372K, reserved 1048576K
}
Event: 19.663 GC heap before
{Heap before GC invocations=13 (full 0):
 garbage-first heap   total 251904K, used 174685K [0x0000000080000000, 0x0000000100000000)
  region size 1024K, 115 young (117760K), 13 survivors (13312K)
 Metaspace       used 86875K, capacity 89255K, committed 89384K, reserved 1126400K
  class space    used 11340K, capacity 12215K, committed 12268K, reserved 1048576K
}
Event: 19.681 GC heap after
{Heap after GC invocations=14 (full 0):
 garbage-first heap   total 251904K, used 79225K [0x0000000080000000, 0x0000000100000000)
  region size 1024K, 15 young (15360K), 15 survivors (15360K)
 Metaspace       used 86875K, capacity 89255K, committed 89384K, reserved 1126400K
  class space    used 11340K, capacity 12215K, committed 12268K, reserved 1048576K
}
Event: 20.635 GC heap before
{Heap before GC invocations=14 (full 0):
 garbage-first heap   total 251904K, used 181625K [0x0000000080000000, 0x0000000100000000)
  region size 1024K, 116 young (118784K), 15 survivors (15360K)
 Metaspace       used 87563K, capacity 89937K, committed 90280K, reserved 1128448K
  class space    used 11384K, capacity 12276K, committed 12396K, reserved 1048576K
}
Event: 20.647 GC heap after
{Heap after GC invocations=15 (full 0):
 garbage-first heap   total 251904K, used 86250K [0x0000000080000000, 0x0000000100000000)
  region size 1024K, 15 young (15360K), 15 survivors (15360K)
 Metaspace       used 87563K, capacity 89937K, committed 90280K, reserved 1128448K
  class space    used 11384K, capacity 12276K, committed 12396K, reserved 1048576K
}

