# JRE version: OpenJDK Runtime Environment (11.0.13) (build 11.0.13+0-b1751.21-8125866)
# Java VM: OpenJDK 64-Bit Server VM (11.0.13+0-b1751.21-8125866, mixed mode, tiered, compressed oops, g1 gc, windows-amd64)
Heap:
 garbage-first heap   total 320512K, used 217968K [0x0000000080000000, 0x0000000100000000)
  region size 1024K, 20 young (20480K), 2 survivors (2048K)
 Metaspace       used 112211K, capacity 115149K, committed 115312K, reserved 1148928K
  class space    used 14541K, capacity 15689K, committed 15692K, reserved 1048576K
GC Heap History (20 events):
Event: 64.189 GC heap before
{Heap before GC invocations=23 (full 0):
 garbage-first heap   total 251904K, used 151567K [0x0000000080000000, 0x0000000100000000)
  region size 1024K, 18 young (18432K), 3 survivors (3072K)
 Metaspace       used 108903K, capacity 111649K, committed 111856K, reserved 1146880K
  class space    used 13951K, capacity 15014K, committed 15052K, reserved 1048576K
}
Event: 64.193 GC heap after
{Heap after GC invocations=24 (full 0):
 garbage-first heap   total 251904K, used 139157K [0x0000000080000000, 0x0000000100000000)
  region size 1024K, 4 young (4096K), 4 survivors (4096K)
 Metaspace       used 108903K, capacity 111649K, committed 111856K, reserved 1146880K
  class space    used 13951K, capacity 15014K, committed 15052K, reserved 1048576K
}
Event: 64.557 GC heap before
{Heap before GC invocations=25 (full 0):
 garbage-first heap   total 251904K, used 197525K [0x0000000080000000, 0x0000000100000000)
  region size 1024K, 61 young (62464K), 4 survivors (4096K)
 Metaspace       used 109689K, capacity 112456K, committed 112752K, reserved 1146880K
  class space    used 14048K, capacity 15129K, committed 15180K, reserved 1048576K
}
Event: 64.568 GC heap after
{Heap after GC invocations=26 (full 0):
 garbage-first heap   total 251904K, used 152320K [0x0000000080000000, 0x0000000100000000)
  region size 1024K, 8 young (8192K), 8 survivors (8192K)
 Metaspace       used 109689K, capacity 112456K, committed 112752K, reserved 1146880K
  class space    used 14048K, capacity 15129K, committed 15180K, reserved 1048576K
}
Event: 64.569 GC heap before
{Heap before GC invocations=26 (full 0):
 garbage-first heap   total 251904K, used 152320K [0x0000000080000000, 0x0000000100000000)
  region size 1024K, 10 young (10240K), 8 survivors (8192K)
 Metaspace       used 109695K, capacity 112456K, committed 112752K, reserved 1146880K
  class space    used 14049K, capacity 15129K, committed 15180K, reserved 1048576K
}
Event: 64.576 GC heap after
{Heap after GC invocations=27 (full 0):
 garbage-first heap   total 251904K, used 153901K [0x0000000080000000, 0x0000000100000000)
  region size 1024K, 2 young (2048K), 2 survivors (2048K)
 Metaspace       used 109695K, capacity 112456K, committed 112752K, reserved 1146880K
  class space    used 14049K, capacity 15129K, committed 15180K, reserved 1048576K
}
Event: 64.724 GC heap before
{Heap before GC invocations=27 (full 0):
 garbage-first heap   total 251904K, used 220461K [0x0000000080000000, 0x0000000100000000)
  region size 1024K, 32 young (32768K), 2 survivors (2048K)
 Metaspace       used 110283K, capacity 113071K, committed 113392K, reserved 1146880K
  class space    used 14124K, capacity 15204K, committed 15308K, reserved 1048576K
}
Event: 64.732 GC heap after
{Heap after GC invocations=28 (full 0):
 garbage-first heap   total 251904K, used 178276K [0x0000000080000000, 0x0000000100000000)
  region size 1024K, 4 young (4096K), 4 survivors (4096K)
 Metaspace       used 110283K, capacity 113071K, committed 113392K, reserved 1146880K
  class space    used 14124K, capacity 15204K, committed 15308K, reserved 1048576K
}
Event: 64.801 GC heap before
{Heap before GC invocations=29 (full 0):
 garbage-first heap   total 251904K, used 198756K [0x0000000080000000, 0x0000000100000000)
  region size 1024K, 25 young (25600K), 4 survivors (4096K)
 Metaspace       used 110419K, capacity 113249K, committed 113392K, reserved 1146880K
  class space    used 14132K, capacity 15215K, committed 15308K, reserved 1048576K
}
Event: 64.810 GC heap after
{Heap after GC invocations=30 (full 0):
 garbage-first heap   total 251904K, used 185935K [0x0000000080000000, 0x0000000100000000)
  region size 1024K, 4 young (4096K), 4 survivors (4096K)
 Metaspace       used 110419K, capacity 113249K, committed 113392K, reserved 1146880K
  class space    used 14132K, capacity 15215K, committed 15308K, reserved 1048576K
}
Event: 64.822 GC heap before
{Heap before GC invocations=30 (full 0):
 garbage-first heap   total 251904K, used 189007K [0x0000000080000000, 0x0000000100000000)
  region size 1024K, 8 young (8192K), 4 survivors (4096K)
 Metaspace       used 110437K, capacity 113256K, committed 113392K, reserved 1146880K
  class space    used 14133K, capacity 15217K, committed 15308K, reserved 1048576K
}
Event: 64.829 GC heap after
{Heap after GC invocations=31 (full 0):
 garbage-first heap   total 251904K, used 187714K [0x0000000080000000, 0x0000000100000000)
  region size 1024K, 2 young (2048K), 2 survivors (2048K)
 Metaspace       used 110437K, capacity 113256K, committed 113392K, reserved 1146880K
  class space    used 14133K, capacity 15217K, committed 15308K, reserved 1048576K
}
Event: 64.884 GC heap before
{Heap before GC invocations=31 (full 0):
 garbage-first heap   total 251904K, used 204098K [0x0000000080000000, 0x0000000100000000)
  region size 1024K, 17 young (17408K), 2 survivors (2048K)
 Metaspace       used 110580K, capacity 113398K, committed 113648K, reserved 1148928K
  class space    used 14144K, capacity 15262K, committed 15308K, reserved 1048576K
}
Event: 64.891 GC heap after
{Heap after GC invocations=32 (full 0):
 garbage-first heap   total 251904K, used 194683K [0x0000000080000000, 0x0000000100000000)
  region size 1024K, 3 young (3072K), 3 survivors (3072K)
 Metaspace       used 110580K, capacity 113398K, committed 113648K, reserved 1148928K
  class space    used 14144K, capacity 15262K, committed 15308K, reserved 1048576K
}
Event: 64.936 GC heap before
{Heap before GC invocations=32 (full 0):
 garbage-first heap   total 251904K, used 206971K [0x0000000080000000, 0x0000000100000000)
  region size 1024K, 16 young (16384K), 3 survivors (3072K)
 Metaspace       used 110649K, capacity 113482K, committed 113648K, reserved 1148928K
  class space    used 14146K, capacity 15266K, committed 15308K, reserved 1048576K
}
Event: 64.945 GC heap after
{Heap after GC invocations=33 (full 0):
 garbage-first heap   total 251904K, used 198877K [0x0000000080000000, 0x0000000100000000)
  region size 1024K, 2 young (2048K), 2 survivors (2048K)
 Metaspace       used 110649K, capacity 113482K, committed 113648K, reserved 1148928K
  class space    used 14146K, capacity 15266K, committed 15308K, reserved 1048576K
}
Event: 65.040 GC heap before
{Heap before GC invocations=34 (full 0):
 garbage-first heap   total 251904K, used 211165K [0x0000000080000000, 0x0000000100000000)
  region size 1024K, 14 young (14336K), 2 survivors (2048K)
 Metaspace       used 110659K, capacity 113482K, committed 113648K, reserved 1148928K
  class space    used 14146K, capacity 15266K, committed 15308K, reserved 1048576K
}
Event: 65.048 GC heap after
{Heap after GC invocations=35 (full 0):
 garbage-first heap   total 251904K, used 202331K [0x0000000080000000, 0x0000000100000000)
  region size 1024K, 2 young (2048K), 2 survivors (2048K)
 Metaspace       used 110659K, capacity 113482K, committed 113648K, reserved 1148928K
  class space    used 14146K, capacity 15266K, committed 15308K, reserved 1048576K
}
Event: 65.101 GC heap before
{Heap before GC invocations=35 (full 0):
 garbage-first heap   total 251904K, used 211547K [0x0000000080000000, 0x0000000100000000)
  region size 1024K, 12 young (12288K), 2 survivors (2048K)
 Metaspace       used 111307K, capacity 114271K, committed 114416K, reserved 1148928K
  class space    used 14319K, capacity 15482K, committed 15564K, reserved 1048576K
}
Event: 65.110 GC heap after
{Heap after GC invocations=36 (full 0):
 garbage-first heap   total 320512K, used 201584K [0x0000000080000000, 0x0000000100000000)
  region size 1024K, 2 young (2048K), 2 survivors (2048K)
 Metaspace       used 111307K, capacity 114271K, committed 114416K, reserved 1148928K
  class space    used 14319K, capacity 15482K, committed 15564K, reserved 1048576K
}

